Android Studio/Quizz1/app/build/intermediates/manifest_merge_blame_file/debug/manifest-merger-blame-debug-report.txt
1<?xml version="1.0" encoding="utf-8"?>
2<manifest xmlns:android="http://schemas.android.com/apk/res/android"
3    package="eckovation.quizz"
4    android:versionCode="1"
5    android:versionName="1.0" >
6
7    <uses-sdk
8        android:minSdkVersion="23"
8-->src\main\AndroidManifest.xml
9        android:targetSdkVersion="29" />
9-->src\main\AndroidManifest.xml
10
11    <!-- Although the *SdkVersion is captured in gradle build files, this is required for non gradle builds -->
12    <!-- <uses-sdk android:minSdkVersion="14"/> -->
13    <uses-permission android:name="android.permission.ACCESS_NETWORK_STATE" />
13-->[com.google.firebase:firebase-database:19.3.0] AndroidManifest.xml:25:5-79
13-->[com.google.firebase:firebase-database:19.3.0] AndroidManifest.xml:25:22-76
14    <uses-permission android:name="android.permission.INTERNET" />
14-->[com.google.firebase:firebase-database:19.3.0] AndroidManifest.xml:26:5-67
14-->[com.google.firebase:firebase-database:19.3.0] AndroidManifest.xml:26:22-64
15    <uses-permission android:name="android.permission.WAKE_LOCK" />
15-->[com.google.android.gms:play-services-measurement:17.4.2] AndroidManifest.xml:25:5-68
15-->[com.google.android.gms:play-services-measurement:17.4.2] AndroidManifest.xml:25:22-65
16    <uses-permission android:name="com.google.android.finsky.permission.BIND_GET_INSTALL_REFERRER_SERVICE" /> <!-- Required by older versions of Google Play services to create IID tokens -->
16-->[com.google.android.gms:play-services-measurement:17.4.2] AndroidManifest.xml:26:5-110
16-->[com.google.android.gms:play-services-measurement:17.4.2] AndroidManifest.xml:26:22-107
17    <uses-permission android:name="com.google.android.c2dm.permission.RECEIVE" />
17-->[com.google.firebase:firebase-iid:20.1.5] AndroidManifest.xml:26:5-82
17-->[com.google.firebase:firebase-iid:20.1.5] AndroidManifest.xml:26:22-79
18
19    <application
19-->src\main\AndroidManifest.xml:5:5-32:19
20        android:allowBackup="true"
20-->src\main\AndroidManifest.xml:6:9-35
21        android:appComponentFactory="androidx.core.app.CoreComponentFactory"
21-->[androidx.core:core:1.1.0] AndroidManifest.xml:24:18-86
22        android:debuggable="true"
23        android:extractNativeLibs="false"
24        android:icon="@mipmap/ic_launcher"
24-->src\main\AndroidManifest.xml:7:9-43
25        android:label="@string/app_name"
25-->src\main\AndroidManifest.xml:8:9-41
26        android:roundIcon="@mipmap/ic_launcher_round"
26-->src\main\AndroidManifest.xml:9:9-54
27        android:supportsRtl="true"
27-->src\main\AndroidManifest.xml:10:9-35
28        android:theme="@style/AppTheme" >
28-->src\main\AndroidManifest.xml:11:9-40
29        <activity
29-->src\main\AndroidManifest.xml:13:9-21:20
30            android:name="eckovation.quizz.MainActivity"
30-->src\main\AndroidManifest.xml:14:13-41
31            android:label="@string/title_activity_main"
31-->src\main\AndroidManifest.xml:15:13-56
32            android:theme="@style/AppTheme.NoActionBar" >
32-->src\main\AndroidManifest.xml:16:13-56
33            <intent-filter>
33-->src\main\AndroidManifest.xml:17:13-20:29
34                <action android:name="android.intent.action.MAIN" />
34-->src\main\AndroidManifest.xml:18:17-69
34-->src\main\AndroidManifest.xml:18:25-66
35
36                <category android:name="android.intent.category.LAUNCHER" />
36-->src\main\AndroidManifest.xml:19:17-77
36-->src\main\AndroidManifest.xml:19:27-74
37            </intent-filter>
38        </activity>
39        <activity
39-->src\main\AndroidManifest.xml:23:9-25:20
40            android:name="eckovation.quizz.SignUpActivity"
40-->src\main\AndroidManifest.xml:23:19-49
41            android:windowSoftInputMode="adjustResize" >
41-->src\main\AndroidManifest.xml:24:13-55
42        </activity>
43        <activity
43-->src\main\AndroidManifest.xml:27:9-31:20
44            android:name="eckovation.quizz.LoginActivity"
44-->src\main\AndroidManifest.xml:28:13-42
45            android:windowSoftInputMode="adjustResize" >
45-->src\main\AndroidManifest.xml:29:13-55
46        </activity>
47        <activity
47-->[com.google.firebase:firebase-auth:19.3.1] AndroidManifest.xml:24:9-31:50
48            android:name="com.google.firebase.auth.internal.FederatedSignInActivity"
48-->[com.google.firebase:firebase-auth:19.3.1] AndroidManifest.xml:25:13-85
49            android:excludeFromRecents="true"
49-->[com.google.firebase:firebase-auth:19.3.1] AndroidManifest.xml:26:13-46
50            android:exported="true"
50-->[com.google.firebase:firebase-auth:19.3.1] AndroidManifest.xml:27:13-36
51            android:launchMode="singleTask"
51-->[com.google.firebase:firebase-auth:19.3.1] AndroidManifest.xml:28:13-44
52            android:permission="com.google.firebase.auth.api.gms.permission.LAUNCH_FEDERATED_SIGN_IN"
52-->[com.google.firebase:firebase-auth:19.3.1] AndroidManifest.xml:29:13-102
53            android:theme="@android:style/Theme.Translucent.NoTitleBar" />
53-->[com.google.firebase:firebase-auth:19.3.1] AndroidManifest.xml:30:13-72
54
55        <service
55-->[com.google.firebase:firebase-auth:19.3.1] AndroidManifest.xml:33:9-39:19
56            android:name="com.google.firebase.components.ComponentDiscoveryService"
56-->[com.google.firebase:firebase-auth:19.3.1] AndroidManifest.xml:34:13-84
57            android:directBootAware="true"
57-->[com.google.firebase:firebase-common:19.3.0] AndroidManifest.xml:34:13-43
58            android:exported="false" >
58-->[com.google.firebase:firebase-auth:19.3.1] AndroidManifest.xml:35:13-37
59            <meta-data
59-->[com.google.firebase:firebase-auth:19.3.1] AndroidManifest.xml:36:13-38:85
60                android:name="com.google.firebase.components:com.google.firebase.auth.FirebaseAuthRegistrar"
60-->[com.google.firebase:firebase-auth:19.3.1] AndroidManifest.xml:37:17-109
61                android:value="com.google.firebase.components.ComponentRegistrar" />
61-->[com.google.firebase:firebase-auth:19.3.1] AndroidManifest.xml:38:17-82
62            <meta-data
62-->[com.google.firebase:firebase-database:19.3.0] AndroidManifest.xml:32:13-34:85
63                android:name="com.google.firebase.components:com.google.firebase.database.DatabaseRegistrar"
63-->[com.google.firebase:firebase-database:19.3.0] AndroidManifest.xml:33:17-109
64                android:value="com.google.firebase.components.ComponentRegistrar" />
64-->[com.google.firebase:firebase-database:19.3.0] AndroidManifest.xml:34:17-82
65            <meta-data
65-->[com.google.android.gms:play-services-measurement-api:17.4.2] AndroidManifest.xml:30:13-32:85
66                android:name="com.google.firebase.components:com.google.firebase.analytics.connector.internal.AnalyticsConnectorRegistrar"
66-->[com.google.android.gms:play-services-measurement-api:17.4.2] AndroidManifest.xml:31:17-139
67                android:value="com.google.firebase.components.ComponentRegistrar" />
67-->[com.google.android.gms:play-services-measurement-api:17.4.2] AndroidManifest.xml:32:17-82
68            <meta-data
68-->[com.google.firebase:firebase-iid:20.1.5] AndroidManifest.xml:32:13-34:85
69                android:name="com.google.firebase.components:com.google.firebase.iid.Registrar"
69-->[com.google.firebase:firebase-iid:20.1.5] AndroidManifest.xml:33:17-96
70                android:value="com.google.firebase.components.ComponentRegistrar" />
70-->[com.google.firebase:firebase-iid:20.1.5] AndroidManifest.xml:34:17-82
71            <meta-data
71-->[com.google.firebase:firebase-installations:16.2.1] AndroidManifest.xml:17:13-19:85
72                android:name="com.google.firebase.components:com.google.firebase.installations.FirebaseInstallationsRegistrar"
72-->[com.google.firebase:firebase-installations:16.2.1] AndroidManifest.xml:18:17-127
73                android:value="com.google.firebase.components.ComponentRegistrar" />
73-->[com.google.firebase:firebase-installations:16.2.1] AndroidManifest.xml:19:17-82
74        </service>
75
76        <receiver
76-->[com.google.android.gms:play-services-measurement:17.4.2] AndroidManifest.xml:29:9-33:20
77            android:name="com.google.android.gms.measurement.AppMeasurementReceiver"
77-->[com.google.android.gms:play-services-measurement:17.4.2] AndroidManifest.xml:30:13-85
78            android:enabled="true"
78-->[com.google.android.gms:play-services-measurement:17.4.2] AndroidManifest.xml:31:13-35
79            android:exported="false" >
79-->[com.google.android.gms:play-services-measurement:17.4.2] AndroidManifest.xml:32:13-37
80        </receiver>
81
82        <service
82-->[com.google.android.gms:play-services-measurement:17.4.2] AndroidManifest.xml:35:9-38:40
83            android:name="com.google.android.gms.measurement.AppMeasurementService"
83-->[com.google.android.gms:play-services-measurement:17.4.2] AndroidManifest.xml:36:13-84
84            android:enabled="true"
84-->[com.google.android.gms:play-services-measurement:17.4.2] AndroidManifest.xml:37:13-35
85            android:exported="false" />
85-->[com.google.android.gms:play-services-measurement:17.4.2] AndroidManifest.xml:38:13-37
86        <service
86-->[com.google.android.gms:play-services-measurement:17.4.2] AndroidManifest.xml:39:9-43:72
87            android:name="com.google.android.gms.measurement.AppMeasurementJobService"
87-->[com.google.android.gms:play-services-measurement:17.4.2] AndroidManifest.xml:40:13-87
88            android:enabled="true"
88-->[com.google.android.gms:play-services-measurement:17.4.2] AndroidManifest.xml:41:13-35
89            android:exported="false"
89-->[com.google.android.gms:play-services-measurement:17.4.2] AndroidManifest.xml:42:13-37
90            android:permission="android.permission.BIND_JOB_SERVICE" />
90-->[com.google.android.gms:play-services-measurement:17.4.2] AndroidManifest.xml:43:13-69
91
92        <receiver
92-->[com.google.firebase:firebase-iid:20.1.5] AndroidManifest.xml:37:9-44:20
93            android:name="com.google.firebase.iid.FirebaseInstanceIdReceiver"
93-->[com.google.firebase:firebase-iid:20.1.5] AndroidManifest.xml:38:13-78
94            android:exported="true"
94-->[com.google.firebase:firebase-iid:20.1.5] AndroidManifest.xml:39:13-36
95            android:permission="com.google.android.c2dm.permission.SEND" >
95-->[com.google.firebase:firebase-iid:20.1.5] AndroidManifest.xml:40:13-73
96            <intent-filter>
96-->[com.google.firebase:firebase-iid:20.1.5] AndroidManifest.xml:41:13-43:29
97                <action android:name="com.google.android.c2dm.intent.RECEIVE" />
97-->[com.google.firebase:firebase-iid:20.1.5] AndroidManifest.xml:42:17-81
97-->[com.google.firebase:firebase-iid:20.1.5] AndroidManifest.xml:42:25-78
98            </intent-filter>
99        </receiver>
100
101        <activity
101-->[com.google.android.gms:play-services-base:17.1.0] AndroidManifest.xml:23:9-26:75
102            android:name="com.google.android.gms.common.api.GoogleApiActivity"
102-->[com.google.android.gms:play-services-base:17.1.0] AndroidManifest.xml:24:13-79
103            android:exported="false"
103-->[com.google.android.gms:play-services-base:17.1.0] AndroidManifest.xml:25:13-37
104            android:theme="@android:style/Theme.Translucent.NoTitleBar" />
104-->[com.google.android.gms:play-services-base:17.1.0] AndroidManifest.xml:26:13-72
105
106        <provider
106-->[com.google.firebase:firebase-common:19.3.0] AndroidManifest.xml:26:9-30:39
107            android:name="com.google.firebase.provider.FirebaseInitProvider"
107-->[com.google.firebase:firebase-common:19.3.0] AndroidManifest.xml:27:13-77
108            android:authorities="eckovation.quizz.firebaseinitprovider"
108-->[com.google.firebase:firebase-common:19.3.0] AndroidManifest.xml:28:13-72
109            android:exported="false"
109-->[com.google.firebase:firebase-common:19.3.0] AndroidManifest.xml:29:13-37
110            android:initOrder="100" />
110-->[com.google.firebase:firebase-common:19.3.0] AndroidManifest.xml:30:13-36
111
112        <meta-data
112-->[com.google.android.gms:play-services-basement:17.0.0] AndroidManifest.xml:23:9-25:69
113            android:name="com.google.android.gms.version"
113-->[com.google.android.gms:play-services-basement:17.0.0] AndroidManifest.xml:24:13-58
114            android:value="@integer/google_play_services_version" />
114-->[com.google.android.gms:play-services-basement:17.0.0] AndroidManifest.xml:25:13-66
115
116        <provider
116-->[androidx.lifecycle:lifecycle-process:2.2.0] AndroidManifest.xml:25:9-29:43
117            android:name="androidx.lifecycle.ProcessLifecycleOwnerInitializer"
117-->[androidx.lifecycle:lifecycle-process:2.2.0] AndroidManifest.xml:26:13-79
118            android:authorities="eckovation.quizz.lifecycle-process"
118-->[androidx.lifecycle:lifecycle-process:2.2.0] AndroidManifest.xml:27:13-69
119            android:exported="false"
119-->[androidx.lifecycle:lifecycle-process:2.2.0] AndroidManifest.xml:28:13-37
120            android:multiprocess="true" />
120-->[androidx.lifecycle:lifecycle-process:2.2.0] AndroidManifest.xml:29:13-40
121    </application>
122
123</manifest>